<?xml version="1.0" encoding="UTF-8"?>
<!-- Generated by org.testng.reporters.JUnitReportReporter -->
<testsuite hostname="HP15S_Laptop_DJ" failures="0" tests="3" name="MySecondProject.TestLogin" time="72.768" errors="0" timestamp="2024-07-04T13:53:05 IST" skipped="0">
  <testcase classname="MySecondProject.TestLogin" name="testUserActions" time="30.991"/>
  <testcase classname="MySecondProject.TestLogin" name="testUserActions" time="24.653"/>
  <testcase classname="MySecondProject.TestLogin" name="testUserActions" time="17.124"/>
</testsuite> <!-- MySecondProject.TestLogin -->
