<?xml version="1.0" encoding="UTF-8"?>
<!-- Generated by org.testng.reporters.JUnitReportReporter -->
<testsuite hostname="HP15S_Laptop_DJ" failures="0" tests="1" name="MySecondProject.TestContactusPage" time="24.307" errors="0" timestamp="2024-07-04T14:57:28 IST" skipped="0">
  <testcase classname="MySecondProject.TestContactusPage" name="testContactUs" time="24.307"/>
</testsuite> <!-- MySecondProject.TestContactusPage -->
