<?xml version="1.0" encoding="UTF-8"?>
<!-- Generated by org.testng.reporters.JUnitReportReporter -->
<testsuite hostname="HP15S_Laptop_DJ" failures="0" tests="1" name="MySecondProject.TestRegisterwhileCheckout" time="59.729" errors="0" timestamp="2024-07-07T02:18:49 IST" skipped="0">
  <testcase classname="MySecondProject.TestRegisterwhileCheckout" name="testRegisterAndOrderPlacement" time="59.729"/>
</testsuite> <!-- MySecondProject.TestRegisterwhileCheckout -->
