<?xml version="1.0" encoding="UTF-8"?>
<!-- Generated by org.testng.reporters.JUnitReportReporter -->
<testsuite hostname="HP15S_Laptop_DJ" failures="0" tests="1" name="MySecondProject.TestCategoryPage" time="82.035" errors="0" timestamp="2024-07-07T23:45:59 IST" skipped="0">
  <testcase classname="MySecondProject.TestCategoryPage" name="testCategoryNavigation" time="82.035"/>
</testsuite> <!-- MySecondProject.TestCategoryPage -->
