<?xml version="1.0" encoding="UTF-8"?>
<!-- Generated by org.testng.reporters.JUnitReportReporter -->
<testsuite hostname="HP15S_Laptop_DJ" failures="0" tests="4" name="MySecondProject.TestSubscription" time="90.486" errors="0" timestamp="2024-07-04T20:06:04 IST" skipped="0">
  <testcase classname="MySecondProject.TestSubscription" name="testCartSubscription" time="11.978"/>
  <testcase classname="MySecondProject.TestSubscription" name="testScrollAndVerifyElements" time="38.500"/>
  <testcase classname="MySecondProject.TestSubscription" name="testSubscription" time="26.787"/>
  <testcase classname="MySecondProject.TestSubscription" name="testScrollwithoutArrowAndVerifyElements" time="13.221"/>
</testsuite> <!-- MySecondProject.TestSubscription -->
