<?xml version="1.0" encoding="UTF-8"?>
<!-- Generated by org.testng.reporters.JUnitReportReporter -->
<testsuite hostname="HP15S_Laptop_DJ" failures="0" tests="1" name="MySecondProject.TestProductPage" time="35.130" errors="0" timestamp="2024-07-06T21:12:36 IST" skipped="0">
  <testcase classname="MySecondProject.TestProductPage" name="testProductDetailsAndCart" time="35.130"/>
</testsuite> <!-- MySecondProject.TestProductPage -->
