<?xml version="1.0" encoding="UTF-8"?>
<!-- Generated by org.testng.reporters.JUnitReportReporter -->
<testsuite hostname="HP15S_Laptop_DJ" failures="0" tests="1" name="MySecondProject.TestHomepage" time="22.646" errors="0" timestamp="2024-07-09T00:05:43 IST" skipped="0">
  <testcase classname="MySecondProject.TestHomepage" name="testAddRecommendedItemToCart" time="22.646"/>
</testsuite> <!-- MySecondProject.TestHomepage -->
