<?xml version="1.0" encoding="UTF-8"?>
<!-- Generated by org.testng.reporters.JUnitReportReporter -->
<testsuite hostname="HP15S_Laptop_DJ" failures="0" tests="1" name="MySecondProject.TestUserRegistrationAndOrder" time="42.752" errors="0" timestamp="2024-07-07T01:39:15 IST" skipped="0">
  <testcase classname="MySecondProject.TestUserRegistrationAndOrder" name="testRegisterAndOrderPlacement" time="42.752"/>
</testsuite> <!-- MySecondProject.TestUserRegistrationAndOrder -->
