<?xml version="1.0" encoding="UTF-8"?>
<!-- Generated by org.testng.reporters.JUnitReportReporter -->
<testsuite hostname="HP15S_Laptop_DJ" failures="0" tests="1" name="MySecondProject.TestBrandPage" time="27.067" errors="0" timestamp="2024-07-07T15:43:49 IST" skipped="0">
  <testcase classname="MySecondProject.TestBrandPage" name="testBrandNavigation" time="27.067"/>
</testsuite> <!-- MySecondProject.TestBrandPage -->
