<?xml version="1.0" encoding="UTF-8"?>
<!-- Generated by org.testng.reporters.JUnitReportReporter -->
<testsuite hostname="HP15S_Laptop_DJ" failures="0" tests="2" name="MySecondProject.TestRegistration" time="46.309" errors="0" timestamp="2024-07-04T14:17:19 IST" skipped="0">
  <testcase classname="MySecondProject.TestRegistration" name="testUserRegistration" time="15.033"/>
  <testcase classname="MySecondProject.TestRegistration" name="testUserRegistration" time="31.276"/>
</testsuite> <!-- MySecondProject.TestRegistration -->
