<?xml version="1.0" encoding="UTF-8"?>
<!-- Generated by org.testng.reporters.JUnitReportReporter -->
<testsuite hostname="HP15S_Laptop_DJ" failures="0" tests="1" name="MySecondProject.TestCheckOutCart" time="62.474" errors="0" timestamp="2024-07-07T00:58:18 IST" skipped="0">
  <testcase classname="MySecondProject.TestCheckOutCart" name="testProductCheckoutAndOrderPlacement" time="62.474"/>
</testsuite> <!-- MySecondProject.TestCheckOutCart -->
